<?xml version="1.0" encoding="UTF-8"?>
<!-- Generated by org.testng.reporters.JUnitReportReporter -->
<testsuite hostname="C-PF35EZEQ" failures="0" tests="1" name="SeleniumEndtoEnd.Tests.ErrorValidationsTest" time="0.516" errors="0" timestamp="23 Jan 2024 11:26:41 GMT" skipped="0">
  <testcase classname="SeleniumEndtoEnd.Tests.ErrorValidationsTest" name="LoginErrorValidation" time="0.516"/>
</testsuite> <!-- SeleniumEndtoEnd.Tests.ErrorValidationsTest -->
