<?xml version="1.0" encoding="UTF-8"?>
<!-- Generated by org.testng.reporters.JUnitReportReporter -->
<testsuite hostname="C-PF35EZEQ" failures="0" tests="1" name="cucumber.testngTestRunner" time="14.904" errors="0" timestamp="29 Jan 2024 14:09:43 GMT" skipped="0">
  <testcase classname="cucumber.testngTestRunner" name="runScenario" time="14.904"/>
</testsuite> <!-- cucumber.testngTestRunner -->
