<?xml version="1.0" encoding="UTF-8"?>
<!-- Generated by org.testng.reporters.JUnitReportReporter -->
<testsuite hostname="C-PF35EZEQ" failures="0" tests="3" name="SeleniumEndtoEnd.Tests.PageObjectSolutionCode" time="14.397" errors="0" timestamp="23 Jan 2024 10:49:07 GMT" skipped="0">
  <testcase classname="SeleniumEndtoEnd.Tests.PageObjectSolutionCode" name="OrderItem" time="7.009"/>
  <testcase classname="SeleniumEndtoEnd.Tests.PageObjectSolutionCode" name="OrderItem" time="6.928"/>
  <testcase classname="SeleniumEndtoEnd.Tests.PageObjectSolutionCode" name="OrderHistoryTest" time="0.460"/>
</testsuite> <!-- SeleniumEndtoEnd.Tests.PageObjectSolutionCode -->
