<?xml version="1.0" encoding="UTF-8"?>
<!-- Generated by org.testng.reporters.JUnitReportReporter -->
<testsuite hostname="C-PF35EZEQ" failures="0" tests="3" name="SeleniumEndtoEnd.Tests.PageObjectSolutionCode" time="15.884" errors="0" timestamp="2024-01-23T22:45:46 IST" skipped="0">
  <testcase classname="SeleniumEndtoEnd.Tests.PageObjectSolutionCode" name="OrderItem" time="7.471"/>
  <testcase classname="SeleniumEndtoEnd.Tests.PageObjectSolutionCode" name="OrderHistoryTest" time="0.560"/>
  <testcase classname="SeleniumEndtoEnd.Tests.PageObjectSolutionCode" name="OrderItem" time="7.853"/>
</testsuite> <!-- SeleniumEndtoEnd.Tests.PageObjectSolutionCode -->
