<?xml version="1.0" encoding="UTF-8"?>
<!-- Generated by org.testng.reporters.JUnitReportReporter -->
<testsuite hostname="C-PF35EZEQ" failures="0" tests="1" name="cucumber.testngTestRunner" time="26.291" errors="0" timestamp="2024-01-31T14:53:53 IST" skipped="0">
  <testcase classname="cucumber.testngTestRunner" name="runScenario" time="26.291"/>
</testsuite> <!-- cucumber.testngTestRunner -->
