<?xml version="1.0" encoding="UTF-8"?>
<!-- Generated by org.testng.reporters.JUnitReportReporter -->
<testsuite hostname="C-PF35EZEQ" failures="0" tests="2" name="SeleniumEndtoEnd.Tests.ErrorValidationsTest" time="6.823" errors="0" timestamp="2024-01-23T22:45:46 IST" skipped="0">
  <testcase classname="SeleniumEndtoEnd.Tests.ErrorValidationsTest" name="ProductErrorValidation" time="6.308"/>
  <testcase classname="SeleniumEndtoEnd.Tests.ErrorValidationsTest" name="LoginErrorValidation" time="0.515"/>
</testsuite> <!-- SeleniumEndtoEnd.Tests.ErrorValidationsTest -->
